<?xml version="1.0" encoding="UTF-8"?>
<!-- Generated by org.testng.reporters.JUnitXMLReporter -->
<testsuite ignored="0" hostname="VSP-1JP5V93" failures="1" tests="2" name="Surefire test" time="15.928" errors="0" timestamp="2023-10-01T17:04:32 IST">
  <testcase classname="io.cucumber.testng.AbstractTestNGCucumberTests" name="runScenario" time="13.75"/>
  <testcase classname="io.cucumber.testng.AbstractTestNGCucumberTests" name="runScenario" time="14.179">
    <failure type="java.lang.AssertionError" message="expected [No data] but found [Beetroot]">
      <![CDATA[java.lang.AssertionError: expected [No data] but found [Beetroot]
at stepDefinitions.OffersPageStepDefinition.validate_the_product_name_matches_with_the_offers_page_and_landing_page(OffersPageStepDefinition.java:42)
at ✽.Validate the product name matches with the offers page and landing page.(file:///C:/Users/VikasBollu/eclipse-workspace/CucumberPractiseFramework/src/test/java/features/searchProduct.feature:7)
... Removed 6 stack frames]]>
    </failure>
  </testcase> <!-- runScenario -->
</testsuite> <!-- Surefire test -->
