<?xml version="1.0" encoding="UTF-8"?>
<!-- Generated by org.testng.reporters.JUnitReportReporter -->
<testsuite hostname="VSP-1JP5V93" failures="1" tests="2" name="cucumberOptions.TestNGRunnerTest" time="27.929" errors="0" timestamp="2023-10-01T17:04:32 IST" skipped="0">
  <testcase classname="cucumberOptions.TestNGRunnerTest" name="runScenario" time="14.179">
    <failure message="expected [No data] but found [Beetroot]" type="java.lang.AssertionError">
      <![CDATA[java.lang.AssertionError: expected [No data] but found [Beetroot]
at org.testng.Assert.fail(Assert.java:111)
at org.testng.Assert.failNotEquals(Assert.java:1578)
at org.testng.Assert.assertEqualsImpl(Assert.java:150)
at org.testng.Assert.assertEquals(Assert.java:132)
at org.testng.Assert.assertEquals(Assert.java:656)
at org.testng.Assert.assertEquals(Assert.java:666)
at stepDefinitions.OffersPageStepDefinition.validate_the_product_name_matches_with_the_offers_page_and_landing_page(OffersPageStepDefinition.java:42)
at ✽.Validate the product name matches with the offers page and landing page.(file:///C:/Users/VikasBollu/eclipse-workspace/CucumberPractiseFramework/src/test/java/features/searchProduct.feature:7)
]]>
    </failure>
  </testcase> <!-- runScenario -->
  <testcase classname="cucumberOptions.TestNGRunnerTest" name="runScenario" time="13.750"/>
</testsuite> <!-- cucumberOptions.TestNGRunnerTest -->
